<?xml version="1.0" encoding="UTF-8"?>
<testsuite name="org.post.springboot.service.EpostServiceTest" tests="4" skipped="0" failures="0" errors="0" timestamp="2021-12-23T11:35:33" hostname="DESKTOP-R1LPOL2" time="0.251">
  <properties/>
  <testcase name="시간값_없는_형식_파싱" classname="org.post.springboot.service.EpostServiceTest" time="0.243"/>
  <testcase name="올바른_형식_파싱" classname="org.post.springboot.service.EpostServiceTest" time="0.002"/>
  <testcase name="날짜값_없는_형식_파싱" classname="org.post.springboot.service.EpostServiceTest" time="0.002"/>
  <testcase name="상태값_없는_형식_파싱" classname="org.post.springboot.service.EpostServiceTest" time="0.002"/>
  <system-out><![CDATA[20:35:30.855 [Test worker] DEBUG org.springframework.test.context.junit4.SpringJUnit4ClassRunner - SpringJUnit4ClassRunner constructor called with [class org.post.springboot.service.EpostServiceTest]
20:35:30.855 [Test worker] DEBUG org.springframework.test.context.BootstrapUtils - Instantiating CacheAwareContextLoaderDelegate from class [org.springframework.test.context.cache.DefaultCacheAwareContextLoaderDelegate]
20:35:30.870 [Test worker] DEBUG org.springframework.test.context.BootstrapUtils - Instantiating BootstrapContext using constructor [public org.springframework.test.context.support.DefaultBootstrapContext(java.lang.Class,org.springframework.test.context.CacheAwareContextLoaderDelegate)]
20:35:30.888 [Test worker] DEBUG org.springframework.test.context.BootstrapUtils - Instantiating TestContextBootstrapper for test class [org.post.springboot.service.EpostServiceTest] from class [org.springframework.boot.test.context.SpringBootTestContextBootstrapper]
20:35:30.888 [Test worker] INFO org.springframework.boot.test.context.SpringBootTestContextBootstrapper - Neither @ContextConfiguration nor @ContextHierarchy found for test class [org.post.springboot.service.EpostServiceTest], using SpringBootContextLoader
20:35:30.905 [Test worker] DEBUG org.springframework.test.context.support.AbstractContextLoader - Did not detect default resource location for test class [org.post.springboot.service.EpostServiceTest]: class path resource [org/post/springboot/service/EpostServiceTest-context.xml] does not exist
20:35:30.905 [Test worker] DEBUG org.springframework.test.context.support.AbstractContextLoader - Did not detect default resource location for test class [org.post.springboot.service.EpostServiceTest]: class path resource [org/post/springboot/service/EpostServiceTestContext.groovy] does not exist
20:35:30.905 [Test worker] INFO org.springframework.test.context.support.AbstractContextLoader - Could not detect default resource locations for test class [org.post.springboot.service.EpostServiceTest]: no resource found for suffixes {-context.xml, Context.groovy}.
20:35:30.907 [Test worker] INFO org.springframework.test.context.support.AnnotationConfigContextLoaderUtils - Could not detect default configuration classes for test class [org.post.springboot.service.EpostServiceTest]: EpostServiceTest does not declare any static, non-private, non-final, nested classes annotated with @Configuration.
20:35:30.941 [Test worker] DEBUG org.springframework.test.context.support.ActiveProfilesUtils - Could not find an 'annotation declaring class' for annotation type [org.springframework.test.context.ActiveProfiles] and class [org.post.springboot.service.EpostServiceTest]
20:35:31.013 [Test worker] DEBUG org.springframework.context.annotation.ClassPathScanningCandidateComponentProvider - Identified candidate component class: file [C:\Users\ljk04\OneDrive\문서\search-post-back\build\classes\java\main\org\post\springboot\Application.class]
20:35:31.014 [Test worker] INFO org.springframework.boot.test.context.SpringBootTestContextBootstrapper - Found @SpringBootConfiguration org.post.springboot.Application for test class org.post.springboot.service.EpostServiceTest
20:35:31.110 [Test worker] DEBUG org.springframework.boot.test.context.SpringBootTestContextBootstrapper - @TestExecutionListeners is not present for class [org.post.springboot.service.EpostServiceTest]: using defaults.
20:35:31.116 [Test worker] INFO org.springframework.boot.test.context.SpringBootTestContextBootstrapper - Loaded default TestExecutionListener class names from location [META-INF/spring.factories]: [org.springframework.boot.test.autoconfigure.restdocs.RestDocsTestExecutionListener, org.springframework.boot.test.autoconfigure.web.client.MockRestServiceServerResetTestExecutionListener, org.springframework.boot.test.autoconfigure.web.servlet.MockMvcPrintOnlyOnFailureTestExecutionListener, org.springframework.boot.test.autoconfigure.web.servlet.WebDriverTestExecutionListener, org.springframework.boot.test.mock.mockito.MockitoTestExecutionListener, org.springframework.boot.test.mock.mockito.ResetMocksTestExecutionListener, org.springframework.test.context.web.ServletTestExecutionListener, org.springframework.test.context.support.DirtiesContextBeforeModesTestExecutionListener, org.springframework.test.context.support.DependencyInjectionTestExecutionListener, org.springframework.test.context.support.DirtiesContextTestExecutionListener, org.springframework.test.context.transaction.TransactionalTestExecutionListener, org.springframework.test.context.jdbc.SqlScriptsTestExecutionListener]
20:35:31.119 [Test worker] DEBUG org.springframework.boot.test.context.SpringBootTestContextBootstrapper - Skipping candidate TestExecutionListener [org.springframework.test.context.transaction.TransactionalTestExecutionListener] due to a missing dependency. Specify custom listener classes or make the default listener classes and their required dependencies available. Offending class: [org/springframework/transaction/interceptor/TransactionAttributeSource]
20:35:31.119 [Test worker] DEBUG org.springframework.boot.test.context.SpringBootTestContextBootstrapper - Skipping candidate TestExecutionListener [org.springframework.test.context.jdbc.SqlScriptsTestExecutionListener] due to a missing dependency. Specify custom listener classes or make the default listener classes and their required dependencies available. Offending class: [org/springframework/transaction/interceptor/TransactionAttribute]
20:35:31.128 [Test worker] INFO org.springframework.boot.test.context.SpringBootTestContextBootstrapper - Using TestExecutionListeners: [org.springframework.test.context.web.ServletTestExecutionListener@6e3c66c9, org.springframework.test.context.support.DirtiesContextBeforeModesTestExecutionListener@7ec4343a, org.springframework.boot.test.mock.mockito.MockitoTestExecutionListener@478c339f, org.springframework.boot.test.autoconfigure.SpringBootDependencyInjectionTestExecutionListener@61214b2f, org.springframework.test.context.support.DirtiesContextTestExecutionListener@6c2663ec, org.springframework.boot.test.autoconfigure.restdocs.RestDocsTestExecutionListener@331cefb6, org.springframework.boot.test.autoconfigure.web.client.MockRestServiceServerResetTestExecutionListener@15aa3281, org.springframework.boot.test.autoconfigure.web.servlet.MockMvcPrintOnlyOnFailureTestExecutionListener@7eb96b28, org.springframework.boot.test.autoconfigure.web.servlet.WebDriverTestExecutionListener@21df4e10, org.springframework.boot.test.mock.mockito.ResetMocksTestExecutionListener@756a64c2]
20:35:31.131 [Test worker] DEBUG org.springframework.test.annotation.ProfileValueUtils - Retrieved @ProfileValueSourceConfiguration [null] for test class [org.post.springboot.service.EpostServiceTest]
20:35:31.132 [Test worker] DEBUG org.springframework.test.annotation.ProfileValueUtils - Retrieved ProfileValueSource type [class org.springframework.test.annotation.SystemProfileValueSource] for class [org.post.springboot.service.EpostServiceTest]
20:35:31.133 [Test worker] DEBUG org.springframework.test.annotation.ProfileValueUtils - Retrieved @ProfileValueSourceConfiguration [null] for test class [org.post.springboot.service.EpostServiceTest]
20:35:31.133 [Test worker] DEBUG org.springframework.test.annotation.ProfileValueUtils - Retrieved ProfileValueSource type [class org.springframework.test.annotation.SystemProfileValueSource] for class [org.post.springboot.service.EpostServiceTest]
20:35:31.135 [Test worker] DEBUG org.springframework.test.annotation.ProfileValueUtils - Retrieved @ProfileValueSourceConfiguration [null] for test class [org.post.springboot.service.EpostServiceTest]
20:35:31.135 [Test worker] DEBUG org.springframework.test.annotation.ProfileValueUtils - Retrieved ProfileValueSource type [class org.springframework.test.annotation.SystemProfileValueSource] for class [org.post.springboot.service.EpostServiceTest]
20:35:31.136 [Test worker] DEBUG org.springframework.test.context.support.AbstractDirtiesContextTestExecutionListener - Before test class: context [DefaultTestContext@3f62aa43 testClass = EpostServiceTest, testInstance = [null], testMethod = [null], testException = [null], mergedContextConfiguration = [WebMergedContextConfiguration@4dfff416 testClass = EpostServiceTest, locations = '{}', classes = '{class org.post.springboot.Application}', contextInitializerClasses = '[]', activeProfiles = '{}', propertySourceLocations = '{}', propertySourceProperties = '{org.springframework.boot.test.context.SpringBootTestContextBootstrapper=true}', contextCustomizers = set[org.springframework.boot.test.autoconfigure.properties.PropertyMappingContextCustomizer@0, org.springframework.boot.test.autoconfigure.web.servlet.WebDriverContextCustomizerFactory$Customizer@7ec94905, org.springframework.boot.test.context.filter.ExcludeFilterContextCustomizer@64e09f66, org.springframework.boot.test.json.DuplicateJsonObjectContextCustomizerFactory$DuplicateJsonObjectContextCustomizer@26faaeaf, org.springframework.boot.test.mock.mockito.MockitoContextCustomizer@0, org.springframework.boot.test.web.client.TestRestTemplateContextCustomizer@89e8ac0], resourceBasePath = 'src/main/webapp', contextLoader = 'org.springframework.boot.test.context.SpringBootContextLoader', parent = [null]], attributes = map['org.springframework.test.context.web.ServletTestExecutionListener.activateListener' -> true]], class annotated with @DirtiesContext [false] with mode [null].
20:35:31.136 [Test worker] DEBUG org.springframework.test.annotation.ProfileValueUtils - Retrieved @ProfileValueSourceConfiguration [null] for test class [org.post.springboot.service.EpostServiceTest]
20:35:31.140 [Test worker] DEBUG org.springframework.test.annotation.ProfileValueUtils - Retrieved ProfileValueSource type [class org.springframework.test.annotation.SystemProfileValueSource] for class [org.post.springboot.service.EpostServiceTest]
20:35:31.158 [Test worker] DEBUG org.springframework.test.context.support.TestPropertySourceUtils - Adding inlined properties to environment: {spring.jmx.enabled=false, org.springframework.boot.test.context.SpringBootTestContextBootstrapper=true, server.port=-1}

  .   ____          _            __ _ _
 /\\ / ___'_ __ _ _(_)_ __  __ _ \ \ \ \
( ( )\___ | '_ | '_| | '_ \/ _` | \ \ \ \
 \\/  ___)| |_)| | | | | || (_| |  ) ) ) )
  '  |____| .__|_| |_|_| |_\__, | / / / /
 =========|_|==============|___/=/_/_/_/
 :: Spring Boot ::        (v2.1.9.RELEASE)

2021-12-23 20:35:31.395  INFO 8132 --- [    Test worker] o.p.springboot.service.EpostServiceTest  : Starting EpostServiceTest on DESKTOP-R1LPOL2 with PID 8132 (started by ljk04 in C:\Users\ljk04\OneDrive\문서\search-post-back)
2021-12-23 20:35:31.395  INFO 8132 --- [    Test worker] o.p.springboot.service.EpostServiceTest  : No active profile set, falling back to default profiles: default
2021-12-23 20:35:32.856  INFO 8132 --- [    Test worker] pertySourcedRequestMappingHandlerMapping : Mapped URL path [/v2/api-docs] onto method [public org.springframework.http.ResponseEntity<springfox.documentation.spring.web.json.Json> springfox.documentation.swagger2.web.Swagger2Controller.getDocumentation(java.lang.String,javax.servlet.http.HttpServletRequest)]
2021-12-23 20:35:33.279  INFO 8132 --- [    Test worker] o.s.s.concurrent.ThreadPoolTaskExecutor  : Initializing ExecutorService 'applicationTaskExecutor'
2021-12-23 20:35:33.503  INFO 8132 --- [    Test worker] d.s.w.p.DocumentationPluginsBootstrapper : Context refreshed
2021-12-23 20:35:33.555  INFO 8132 --- [    Test worker] d.s.w.p.DocumentationPluginsBootstrapper : Found 1 custom documentation plugin(s)
2021-12-23 20:35:33.587  INFO 8132 --- [    Test worker] s.d.s.w.s.ApiListingReferenceScanner     : Scanning for api listing references
2021-12-23 20:35:33.742  INFO 8132 --- [    Test worker] o.p.springboot.service.EpostServiceTest  : Started EpostServiceTest in 2.572 seconds (JVM running for 3.72)
]]></system-out>
  <system-err><![CDATA[]]></system-err>
</testsuite>
